1747565650009:help
1747566707332:hello
1747572577148:help
1747575547799:add
1747575557783:list
1747582371309:help
1747586485010:add "I want to learn spring"
1747586487909:list
1747586853327:help
1747586869110:add "I want to learn spring boot"
1747586872444:list
1747586934789:list help
1747586967765:list --help
1747587096852:help help
1747589092525:help
1747589105512:add "I want to learn spring boot"
1747589108054:list
1747589129191:add "I want to learn spring shell"
1747589149731:update 1 "I want to update spring security"
1747589152350:list
1747589204902:mark-in-progress 1
1747589207150:list
1747589217142:mark-done 1
1747589219326:list
1747589236568:add "I want to create a application"
1747589239101:list
1747589247245:list done
1747589258750:list todo
1747589265758:list in-progress
1748672311073:help
1748672350877:add "I want to learn spring boot"
1748672355618:list
1748685660776:help
1748685669269:add "new task added"
1748685743886:help
1748685748421:add "new task"
1748685887190:add "new tasj"
1748686795742:add "new task"
1748687472697:add "I wan to learn spring boot"
1748687550558:help
1748687553988:list
1748687748033:add "I want to learn spring boot"
1748687751333:list
1748687758980:help
1748687775527:update 1 "I want to learn complete spring boot"
1748687820672:list
1748687943661:add "create a new task"
1748687989072:add "I want to learn spring boot"
1748687991500:list
1748688108073:add "I want to learn spring boot"
1748688121152:update 1 "I want to learn complete spring boot"
1748688124637:list
1748688246013:add "new test added"
1748688281781:list
1748688348968:add "new task added"
1748688500726:add "new task id created"
1748688504168:list
1748688566415:update 1 "I want to learn spring boot"
1748688616191:list
1748688631306:update 1 "I want to learn spring boot"
1748688725238:list
1748688740496:update 1 "I want to learn spring boot"
1748688805150:list
1748688823719:update 1 "I want to learn spring boot"
1748688886044:list
1748688895749:help
1748688924326:add "I want to learn all spring projects"
1748688929044:list
1748688945726:mark-in-progress 1
1748688948174:list
1748688963287:mark-done 2
1748688965453:list
1748688975431:add "dummy task"
1748688978272:list
1748688983252:help
1748688986422:delete 3
1748688988359:list
1748690845307:help
1748690880605:add
1748690913534:add "Charishma asked to buy groceries"
1748690916056:list
1748690945869:update 3 "Charishma adked to buy groceries and flowers"
1748690947865:list
1748690964878:mark-in-progress 3
1748690967027:list
1748690977914:mark-done 3
1748690982089:list
1748690989101:help
1748690996735:list in-progress
1748691002744:list todo
1748691006896:list done
1748692536893:list
1748692564889:cls
1748692570402:list
1748692578865:add "Some new task"
1748692735217:list
1748692844736:cls
